::1 - - [11/Aug/2020:18:49:20 +0000] "GET /api/register HTTP/1.1" 404 151 "-" "PostmanRuntime/7.26.2"
::1 - - [11/Aug/2020:18:49:34 +0000] "POST /api/register HTTP/1.1" 200 2 "-" "PostmanRuntime/7.26.2"
::1 - - [11/Aug/2020:18:51:40 +0000] "POST /api/register HTTP/1.1" 200 2 "-" "PostmanRuntime/7.26.2"
::1 - - [11/Aug/2020:18:52:54 +0000] "POST /api/register HTTP/1.1" 500 2316 "-" "PostmanRuntime/7.26.2"
::1 - - [11/Aug/2020:18:53:29 +0000] "POST /api/register HTTP/1.1" 200 43 "-" "PostmanRuntime/7.26.2"
::1 - - [11/Aug/2020:19:24:31 +0000] "POST /api/register HTTP/1.1" 500 2354 "-" "PostmanRuntime/7.26.2"
::1 - - [11/Aug/2020:19:27:53 +0000] "POST /api/register HTTP/1.1" 500 2354 "-" "PostmanRuntime/7.26.2"
::1 - - [11/Aug/2020:19:28:44 +0000] "POST /api/register HTTP/1.1" 500 2354 "-" "PostmanRuntime/7.26.2"
::1 - - [11/Aug/2020:19:29:09 +0000] "POST /api/register HTTP/1.1" 500 2354 "-" "PostmanRuntime/7.26.2"
::1 - - [11/Aug/2020:19:30:05 +0000] "POST /api/register HTTP/1.1" 500 2354 "-" "PostmanRuntime/7.26.2"
::1 - - [11/Aug/2020:19:30:24 +0000] "POST /api/register HTTP/1.1" 500 2354 "-" "PostmanRuntime/7.26.2"
::1 - - [11/Aug/2020:19:34:19 +0000] "POST /api/register HTTP/1.1" 500 2354 "-" "PostmanRuntime/7.26.2"
::1 - - [11/Aug/2020:19:34:20 +0000] "POST /api/register HTTP/1.1" 500 2354 "-" "PostmanRuntime/7.26.2"
::1 - - [11/Aug/2020:19:34:21 +0000] "POST /api/register HTTP/1.1" 500 2354 "-" "PostmanRuntime/7.26.2"
::1 - - [11/Aug/2020:19:34:21 +0000] "POST /api/register HTTP/1.1" 500 2354 "-" "PostmanRuntime/7.26.2"
::1 - - [11/Aug/2020:19:38:00 +0000] "POST /api/register HTTP/1.1" 500 2354 "-" "PostmanRuntime/7.26.2"
::1 - - [11/Aug/2020:19:38:16 +0000] "POST /api/register HTTP/1.1" 500 2354 "-" "PostmanRuntime/7.26.2"
::1 - - [11/Aug/2020:19:43:26 +0000] "POST /api/register HTTP/1.1" 500 2354 "-" "PostmanRuntime/7.26.2"
::1 - - [11/Aug/2020:19:45:30 +0000] "POST /api/register HTTP/1.1" 500 2341 "-" "PostmanRuntime/7.26.2"
::1 - - [11/Aug/2020:19:45:35 +0000] "POST /api/register HTTP/1.1" 500 2341 "-" "PostmanRuntime/7.26.2"
::1 - - [11/Aug/2020:19:45:47 +0000] "POST /api/register HTTP/1.1" 500 2341 "-" "PostmanRuntime/7.26.2"
::1 - - [11/Aug/2020:19:50:03 +0000] "POST /api/register HTTP/1.1" - - "-" "PostmanRuntime/7.26.2"
::1 - - [11/Aug/2020:19:54:31 +0000] "POST /api/register HTTP/1.1" - - "-" "PostmanRuntime/7.26.2"
::1 - - [11/Aug/2020:19:56:49 +0000] "POST /api/register HTTP/1.1" - - "-" "PostmanRuntime/7.26.2"
::1 - - [11/Aug/2020:20:00:00 +0000] "POST /api/register HTTP/1.1" - - "-" "PostmanRuntime/7.26.2"
::1 - - [11/Aug/2020:20:02:01 +0000] "POST /api/register HTTP/1.1" - - "-" "PostmanRuntime/7.26.2"
::1 - - [11/Aug/2020:20:05:14 +0000] "POST /api/register HTTP/1.1" - - "-" "PostmanRuntime/7.26.2"
::1 - - [11/Aug/2020:20:08:59 +0000] "POST /api/register HTTP/1.1" - - "-" "PostmanRuntime/7.26.2"
::1 - - [11/Aug/2020:20:11:46 +0000] "POST /api/register HTTP/1.1" - - "-" "PostmanRuntime/7.26.2"
::1 - - [11/Aug/2020:20:27:54 +0000] "POST /api/register HTTP/1.1" - - "-" "PostmanRuntime/7.26.2"
::1 - - [11/Aug/2020:20:37:06 +0000] "POST /api/register HTTP/1.1" - - "-" "PostmanRuntime/7.26.2"
::ffff:127.0.0.1 - - [11/Aug/2020:20:44:10 +0000] "POST /api/register HTTP/1.1" - - "-" "PostmanRuntime/7.26.2"
::1 - - [11/Aug/2020:21:07:39 +0000] "POST /api/register HTTP/1.1" - - "-" "PostmanRuntime/7.26.2"
::1 - - [11/Aug/2020:21:11:41 +0000] "POST /api/register HTTP/1.1" - - "-" "PostmanRuntime/7.26.2"
::1 - - [11/Aug/2020:21:12:15 +0000] "POST /api/register HTTP/1.1" - - "-" "PostmanRuntime/7.26.2"
::1 - - [11/Aug/2020:21:14:16 +0000] "POST /api/register HTTP/1.1" - - "-" "PostmanRuntime/7.26.2"
::1 - - [11/Aug/2020:21:16:49 +0000] "POST /api/register HTTP/1.1" - - "-" "PostmanRuntime/7.26.2"
::1 - - [12/Aug/2020:05:25:17 +0000] "POST /api/register HTTP/1.1" - - "-" "PostmanRuntime/7.26.3"
::1 - - [12/Aug/2020:06:39:56 +0000] "POST /api/register HTTP/1.1" - - "-" "PostmanRuntime/7.26.3"
::1 - - [12/Aug/2020:06:54:04 +0000] "POST /api/register HTTP/1.1" - - "-" "PostmanRuntime/7.26.3"
::1 - - [12/Aug/2020:06:58:39 +0000] "POST /api/register HTTP/1.1" - - "-" "PostmanRuntime/7.26.3"
::1 - - [12/Aug/2020:07:09:52 +0000] "POST /api/register HTTP/1.1" - - "-" "PostmanRuntime/7.26.3"
::1 - - [12/Aug/2020:07:15:04 +0000] "POST /api/register HTTP/1.1" - - "-" "PostmanRuntime/7.26.3"
::1 - - [12/Aug/2020:07:39:48 +0000] "POST /api/register HTTP/1.1" - - "-" "PostmanRuntime/7.26.3"
::1 - - [12/Aug/2020:07:47:19 +0000] "POST /api/register HTTP/1.1" - - "-" "PostmanRuntime/7.26.3"
::1 - - [12/Aug/2020:07:52:21 +0000] "POST /api/register HTTP/1.1" - - "-" "PostmanRuntime/7.26.3"
::1 - - [12/Aug/2020:08:13:55 +0000] "POST /api/register HTTP/1.1" - - "-" "PostmanRuntime/7.26.3"
::1 - - [12/Aug/2020:08:16:06 +0000] "POST /api/register HTTP/1.1" - - "-" "PostmanRuntime/7.26.3"
::1 - - [12/Aug/2020:08:24:04 +0000] "POST /api/register HTTP/1.1" - - "-" "PostmanRuntime/7.26.3"
::1 - - [12/Aug/2020:08:27:44 +0000] "POST /api/register HTTP/1.1" - - "-" "PostmanRuntime/7.26.3"
::1 - - [12/Aug/2020:08:44:55 +0000] "POST /api/register HTTP/1.1" - - "-" "PostmanRuntime/7.26.3"
::1 - - [12/Aug/2020:10:45:27 +0000] "POST /api/register HTTP/1.1" 200 120 "-" "PostmanRuntime/7.26.3"
::1 - - [12/Aug/2020:11:30:22 +0000] "POST /api/getUser HTTP/1.1" 200 0 "-" "PostmanRuntime/7.26.3"
::1 - - [12/Aug/2020:11:30:39 +0000] "POST /api/getUser HTTP/1.1" 200 0 "-" "PostmanRuntime/7.26.3"
::1 - - [12/Aug/2020:11:31:57 +0000] "POST /api/getUser HTTP/1.1" 200 0 "-" "PostmanRuntime/7.26.3"
::1 - - [12/Aug/2020:11:40:51 +0000] "POST /api/getUser HTTP/1.1" 200 0 "-" "PostmanRuntime/7.26.3"
::1 - - [12/Aug/2020:11:41:26 +0000] "POST /api/getUser HTTP/1.1" 200 0 "-" "PostmanRuntime/7.26.3"
::1 - - [12/Aug/2020:11:42:46 +0000] "POST /api/getUser HTTP/1.1" 200 0 "-" "PostmanRuntime/7.26.3"
::1 - - [12/Aug/2020:11:43:25 +0000] "POST /api/getUser HTTP/1.1" 200 - "-" "PostmanRuntime/7.26.3"
::1 - - [12/Aug/2020:11:44:00 +0000] "POST /api/getUser HTTP/1.1" 200 - "-" "PostmanRuntime/7.26.3"
::1 - - [12/Aug/2020:11:47:51 +0000] "POST /api/getUser HTTP/1.1" 200 - "-" "PostmanRuntime/7.26.3"
::1 - - [12/Aug/2020:11:49:20 +0000] "POST /api/getUser HTTP/1.1" 200 122 "-" "PostmanRuntime/7.26.3"
::1 - - [12/Aug/2020:11:49:46 +0000] "POST /api/getUser HTTP/1.1" 200 122 "-" "PostmanRuntime/7.26.3"
::1 - - [12/Aug/2020:13:41:12 +0000] "POST /api/getUser HTTP/1.1" 404 151 "-" "PostmanRuntime/7.26.3"
::1 - - [12/Aug/2020:13:42:03 +0000] "POST /api/getUser HTTP/1.1" 404 151 "-" "PostmanRuntime/7.26.3"
::1 - - [12/Aug/2020:13:42:38 +0000] "POST /api/login HTTP/1.1" 200 117 "-" "PostmanRuntime/7.26.3"
::1 - - [12/Aug/2020:13:45:57 +0000] "POST /api/login HTTP/1.1" 200 117 "-" "PostmanRuntime/7.26.3"
::1 - - [12/Aug/2020:13:52:41 +0000] "GET /api/lgetData HTTP/1.1" 404 151 "-" "PostmanRuntime/7.26.3"
::1 - - [12/Aug/2020:13:52:53 +0000] "GET /api/getData HTTP/1.1" 404 150 "-" "PostmanRuntime/7.26.3"
::1 - - [12/Aug/2020:13:53:28 +0000] "GET /api/getData HTTP/1.1" 401 41 "-" "PostmanRuntime/7.26.3"
::1 - - [12/Aug/2020:14:14:56 +0000] "POST /api/register HTTP/1.1" 200 128 "-" "PostmanRuntime/7.26.3"
